

============================== 2022-02-10 11:04:49.163900 | ed42cc60-3965-4ab2-b61d-b5a8e3a3af76 ==============================
11:04:49.163900 [info ] [MainThread]: Running with dbt=1.0.1
11:04:49.164929 [debug] [MainThread]: running dbt with arguments Namespace(record_timing_info=None, debug=None, log_format=None, write_json=None, use_colors=None, printer_width=None, warn_error=None, version_check=None, partial_parse=None, single_threaded=False, use_experimental_parser=None, static_parser=None, profiles_dir='/root/.dbt', send_anonymous_usage_stats=None, fail_fast=None, event_buffer_size=None, project_dir=None, profile=None, target=None, vars='{}', log_cache_events=False, project_name=None, skip_profile_setup=False, defer=None, state=None, cls=<class 'dbt.task.init.InitTask'>, which='init', rpc_method=None)
11:04:49.166767 [debug] [MainThread]: Tracking: tracking
11:04:49.171731 [debug] [MainThread]: Sending event: {'category': 'dbt', 'action': 'invocation', 'label': 'start', 'context': [<snowplow_tracker.self_describing_json.SelfDescribingJson object at 0x7fe6c6f76070>, <snowplow_tracker.self_describing_json.SelfDescribingJson object at 0x7fe6c6f76220>, <snowplow_tracker.self_describing_json.SelfDescribingJson object at 0x7fe6c6f76130>]}
11:05:02.428699 [debug] [MainThread]: Sending event: {'category': 'dbt', 'action': 'invocation', 'label': 'end', 'context': [<snowplow_tracker.self_describing_json.SelfDescribingJson object at 0x7fe6c6f76070>, <snowplow_tracker.self_describing_json.SelfDescribingJson object at 0x7fe6c6f76250>, <snowplow_tracker.self_describing_json.SelfDescribingJson object at 0x7fe6c6f768e0>]}


============================== 2022-02-10 11:05:56.561812 | 559ab06a-1cf3-4df2-ba3d-1a6e77ec4e59 ==============================
11:05:56.561812 [info ] [MainThread]: Running with dbt=1.0.1
11:05:56.562577 [debug] [MainThread]: running dbt with arguments Namespace(record_timing_info=None, debug=None, log_format=None, write_json=None, use_colors=None, printer_width=None, warn_error=None, version_check=None, partial_parse=None, single_threaded=False, use_experimental_parser=None, static_parser=None, profiles_dir='/root/.dbt', send_anonymous_usage_stats=None, fail_fast=None, event_buffer_size=None, project_dir=None, profile=None, target=None, vars='{}', log_cache_events=False, project_name=None, skip_profile_setup=False, defer=None, state=None, cls=<class 'dbt.task.init.InitTask'>, which='init', rpc_method=None)
11:05:56.563774 [debug] [MainThread]: Tracking: tracking
11:05:56.567411 [debug] [MainThread]: Sending event: {'category': 'dbt', 'action': 'invocation', 'label': 'start', 'context': [<snowplow_tracker.self_describing_json.SelfDescribingJson object at 0x7efcf21ad070>, <snowplow_tracker.self_describing_json.SelfDescribingJson object at 0x7efcf21ad220>, <snowplow_tracker.self_describing_json.SelfDescribingJson object at 0x7efcf21ad130>]}
11:05:56.570888 [info ] [MainThread]: Setting up your profile.
11:06:13.347904 [debug] [MainThread]: Sending event: {'category': 'dbt', 'action': 'invocation', 'label': 'end', 'context': [<snowplow_tracker.self_describing_json.SelfDescribingJson object at 0x7efcf2204ca0>, <snowplow_tracker.self_describing_json.SelfDescribingJson object at 0x7efcf2204c70>, <snowplow_tracker.self_describing_json.SelfDescribingJson object at 0x7efcf2204c10>]}


============================== 2022-02-10 11:08:49.054005 | 3f6e4f1c-f36b-48e6-beff-a18c3d69271e ==============================
11:08:49.054005 [info ] [MainThread]: Running with dbt=1.0.1
11:08:49.055067 [debug] [MainThread]: running dbt with arguments Namespace(record_timing_info=None, debug=None, log_format=None, write_json=None, use_colors=None, printer_width=None, warn_error=None, version_check=None, partial_parse=None, single_threaded=False, use_experimental_parser=None, static_parser=None, profiles_dir='/root/.dbt', send_anonymous_usage_stats=None, fail_fast=None, event_buffer_size=None, project_dir=None, profile=None, target=None, vars='{}', log_cache_events=False, project_name=None, skip_profile_setup=False, defer=None, state=None, cls=<class 'dbt.task.init.InitTask'>, which='init', rpc_method=None)
11:08:49.056083 [debug] [MainThread]: Tracking: tracking
11:08:49.059997 [debug] [MainThread]: Sending event: {'category': 'dbt', 'action': 'invocation', 'label': 'start', 'context': [<snowplow_tracker.self_describing_json.SelfDescribingJson object at 0x7f5b45a88040>, <snowplow_tracker.self_describing_json.SelfDescribingJson object at 0x7f5b45a881f0>, <snowplow_tracker.self_describing_json.SelfDescribingJson object at 0x7f5b45a88100>]}
11:08:49.062489 [info ] [MainThread]: Setting up your profile.
11:09:27.170312 [info ] [MainThread]: Profile de-dbt-bq written to /root/.dbt/profiles.yml using target's profile_template.yml and your supplied values. Run 'dbt debug' to validate the connection.
11:09:27.171961 [debug] [MainThread]: Sending event: {'category': 'dbt', 'action': 'invocation', 'label': 'end', 'context': [<snowplow_tracker.self_describing_json.SelfDescribingJson object at 0x7f5b45ae6e50>, <snowplow_tracker.self_describing_json.SelfDescribingJson object at 0x7f5b44665c70>, <snowplow_tracker.self_describing_json.SelfDescribingJson object at 0x7f5b44655370>]}


============================== 2022-02-10 11:10:47.437917 | 662ac983-a7c8-4dd2-b02f-b7d5cd16b62c ==============================
11:10:47.437917 [info ] [MainThread]: Running with dbt=1.0.1
11:10:47.438698 [debug] [MainThread]: running dbt with arguments Namespace(record_timing_info=None, debug=None, log_format=None, write_json=None, use_colors=None, printer_width=None, warn_error=None, version_check=None, partial_parse=None, single_threaded=False, use_experimental_parser=None, static_parser=None, profiles_dir='/root/.dbt', send_anonymous_usage_stats=None, fail_fast=None, event_buffer_size=None, project_dir=None, profile=None, target=None, vars='{}', log_cache_events=False, project_name=None, skip_profile_setup=False, defer=None, state=None, cls=<class 'dbt.task.init.InitTask'>, which='init', rpc_method=None)
11:10:47.439767 [debug] [MainThread]: Tracking: tracking
11:10:47.443882 [debug] [MainThread]: Sending event: {'category': 'dbt', 'action': 'invocation', 'label': 'start', 'context': [<snowplow_tracker.self_describing_json.SelfDescribingJson object at 0x7efc68a54100>, <snowplow_tracker.self_describing_json.SelfDescribingJson object at 0x7efc68a547f0>, <snowplow_tracker.self_describing_json.SelfDescribingJson object at 0x7efc68a541c0>]}
11:11:01.022887 [debug] [MainThread]: Starter project path: /usr/local/lib/python3.9/site-packages/dbt/include/starter_project
11:11:34.533395 [info ] [MainThread]: Profile taxi_rides_ny written to /root/.dbt/profiles.yml using target's profile_template.yml and your supplied values. Run 'dbt debug' to validate the connection.
11:11:34.534909 [info ] [MainThread]: 
Your new dbt project "taxi_rides_ny" was created!

For more information on how to configure the profiles.yml file,
please consult the dbt documentation here:

  https://docs.getdbt.com/docs/configure-your-profile

One more thing:

Need help? Don't hesitate to reach out to us via GitHub issues or on Slack:

  https://community.getdbt.com/

Happy modeling!

11:11:34.536250 [debug] [MainThread]: Sending event: {'category': 'dbt', 'action': 'invocation', 'label': 'end', 'context': [<snowplow_tracker.self_describing_json.SelfDescribingJson object at 0x7efc68a54700>, <snowplow_tracker.self_describing_json.SelfDescribingJson object at 0x7efc68a547c0>, <snowplow_tracker.self_describing_json.SelfDescribingJson object at 0x7efc68a54ca0>]}


============================== 2022-02-10 11:15:16.789603 | 065a0987-6861-459e-9ff6-20a9e6ef6edb ==============================
11:15:16.789603 [info ] [MainThread]: Running with dbt=1.0.1
11:15:16.790540 [debug] [MainThread]: running dbt with arguments Namespace(record_timing_info=None, debug=None, log_format=None, write_json=None, use_colors=None, printer_width=None, warn_error=None, version_check=None, partial_parse=None, single_threaded=False, use_experimental_parser=None, static_parser=None, profiles_dir='/root/.dbt', send_anonymous_usage_stats=None, fail_fast=None, event_buffer_size=None, project_dir=None, profile=None, target=None, vars='{}', log_cache_events=False, config_dir=False, defer=None, state=None, cls=<class 'dbt.task.debug.DebugTask'>, which='debug', rpc_method=None)
11:15:16.791936 [debug] [MainThread]: Tracking: tracking
11:15:16.796261 [debug] [MainThread]: Sending event: {'category': 'dbt', 'action': 'invocation', 'label': 'start', 'context': [<snowplow_tracker.self_describing_json.SelfDescribingJson object at 0x7fb927143100>, <snowplow_tracker.self_describing_json.SelfDescribingJson object at 0x7fb9271437f0>, <snowplow_tracker.self_describing_json.SelfDescribingJson object at 0x7fb9271431c0>]}
11:15:17.069914 [debug] [MainThread]: Executing "git --help"
11:15:17.097299 [debug] [MainThread]: STDOUT: "b"usage: git [--version] [--help] [-C <path>] [-c <name>=<value>]\n           [--exec-path[=<path>]] [--html-path] [--man-path] [--info-path]\n           [-p | --paginate | -P | --no-pager] [--no-replace-objects] [--bare]\n           [--git-dir=<path>] [--work-tree=<path>] [--namespace=<name>]\n           <command> [<args>]\n\nThese are common Git commands used in various situations:\n\nstart a working area (see also: git help tutorial)\n   clone             Clone a repository into a new directory\n   init              Create an empty Git repository or reinitialize an existing one\n\nwork on the current change (see also: git help everyday)\n   add               Add file contents to the index\n   mv                Move or rename a file, a directory, or a symlink\n   restore           Restore working tree files\n   rm                Remove files from the working tree and from the index\n   sparse-checkout   Initialize and modify the sparse-checkout\n\nexamine the history and state (see also: git help revisions)\n   bisect            Use binary search to find the commit that introduced a bug\n   diff              Show changes between commits, commit and working tree, etc\n   grep              Print lines matching a pattern\n   log               Show commit logs\n   show              Show various types of objects\n   status            Show the working tree status\n\ngrow, mark and tweak your common history\n   branch            List, create, or delete branches\n   commit            Record changes to the repository\n   merge             Join two or more development histories together\n   rebase            Reapply commits on top of another base tip\n   reset             Reset current HEAD to the specified state\n   switch            Switch branches\n   tag               Create, list, delete or verify a tag object signed with GPG\n\ncollaborate (see also: git help workflows)\n   fetch             Download objects and refs from another repository\n   pull              Fetch from and integrate with another repository or a local branch\n   push              Update remote refs along with associated objects\n\n'git help -a' and 'git help -g' list available subcommands and some\nconcept guides. See 'git help <command>' or 'git help <concept>'\nto read about a specific subcommand or concept.\nSee 'git help git' for an overview of the system.\n""
11:15:17.099264 [debug] [MainThread]: STDERR: "b''"
11:15:17.108032 [debug] [MainThread]: Acquiring new bigquery connection "debug"
11:15:17.109233 [debug] [MainThread]: Opening a new connection, currently in state init
11:15:17.113501 [debug] [MainThread]: On debug: select 1 as id
11:15:19.756160 [debug] [MainThread]: Sending event: {'category': 'dbt', 'action': 'invocation', 'label': 'end', 'context': [<snowplow_tracker.self_describing_json.SelfDescribingJson object at 0x7fb927217160>, <snowplow_tracker.self_describing_json.SelfDescribingJson object at 0x7fb925c8a310>, <snowplow_tracker.self_describing_json.SelfDescribingJson object at 0x7fb925c8a370>]}
11:15:20.623164 [debug] [MainThread]: Connection 'debug' was properly closed.
